Mifaso/app/build/outputs/logs/manifest-merger-release-report.txt
-- Merging decision tree log ---
manifest
ADDED from AndroidManifest.xml:2:1
	xmlns:android
		ADDED from AndroidManifest.xml:2:11
	package
		ADDED from AndroidManifest.xml:3:5
		INJECTED from AndroidManifest.xml:0:0
		INJECTED from AndroidManifest.xml:0:0
	android:versionName
		ADDED from AndroidManifest.xml:5:5
	android:versionCode
		ADDED from AndroidManifest.xml:4:5
		INJECTED from AndroidManifest.xml:0:0
		INJECTED from AndroidManifest.xml:0:0
uses-sdk
ADDED from AndroidManifest.xml:7:5
	android:targetSdkVersion
		ADDED from AndroidManifest.xml:9:9
		INJECTED from AndroidManifest.xml:0:0
		INJECTED from AndroidManifest.xml:0:0
	android:minSdkVersion
		ADDED from AndroidManifest.xml:8:9
		INJECTED from AndroidManifest.xml:0:0
		INJECTED from AndroidManifest.xml:0:0
uses-permission#android.permission.ACCESS_NETWORK_STATE
ADDED from AndroidManifest.xml:11:5
	android:name
		ADDED from AndroidManifest.xml:11:22
uses-permission#android.permission.WRITE_EXTERNAL_STORAGE
ADDED from AndroidManifest.xml:12:5
	android:name
		ADDED from AndroidManifest.xml:12:22
uses-permission#android.permission.INTERNET
ADDED from AndroidManifest.xml:13:5
	android:name
		ADDED from AndroidManifest.xml:13:22
uses-permission#android.permission.ACCESS_COARSE_LOCATION
ADDED from AndroidManifest.xml:14:5
	android:name
		ADDED from AndroidManifest.xml:14:22
uses-permission#android.permission.ACCESS_FINE_LOCATION
ADDED from AndroidManifest.xml:15:5
	android:name
		ADDED from AndroidManifest.xml:15:22
uses-permission#android.permission.ACCESS_GPS
ADDED from AndroidManifest.xml:16:5
	android:name
		ADDED from AndroidManifest.xml:16:22
uses-permission#android.permission.ACCESS_DOWNLOAD_MANAGER
ADDED from AndroidManifest.xml:17:5
	android:name
		ADDED from AndroidManifest.xml:17:22
uses-permission#android.permission.RECEIVE_BOOT_COMPLETED
ADDED from AndroidManifest.xml:18:5
	android:name
		ADDED from AndroidManifest.xml:18:22
uses-permission#android.permission.READ_PHONE_STATE
ADDED from AndroidManifest.xml:19:5
	android:name
		ADDED from AndroidManifest.xml:19:22
uses-permission#android.permission.ACCESS_WIFI_STATE
ADDED from AndroidManifest.xml:20:5
	android:name
		ADDED from AndroidManifest.xml:20:22
uses-permission#android.permission.CHANGE_WIFI_STATE
ADDED from AndroidManifest.xml:21:5
	android:name
		ADDED from AndroidManifest.xml:21:22
uses-permission#android.permission.WRITE_SETTINGS
ADDED from AndroidManifest.xml:22:5
	android:name
		ADDED from AndroidManifest.xml:22:22
uses-permission#android.permission.MOUNT_UNMOUNT_FILESYSTEMS
ADDED from AndroidManifest.xml:23:5
	android:name
		ADDED from AndroidManifest.xml:23:22
uses-permission#android.permission.READ_LOGS
ADDED from AndroidManifest.xml:24:5
	android:name
		ADDED from AndroidManifest.xml:24:22
uses-permission#android.permission.CALL_PHONE
ADDED from AndroidManifest.xml:25:5
	android:name
		ADDED from AndroidManifest.xml:25:22
application
ADDED from AndroidManifest.xml:26:5
	android:label
		ADDED from AndroidManifest.xml:30:9
	android:allowBackup
		ADDED from AndroidManifest.xml:28:9
	android:icon
		ADDED from AndroidManifest.xml:29:9
	android:theme
		ADDED from AndroidManifest.xml:31:9
	android:largeHeap
		ADDED from AndroidManifest.xml:32:9
	android:name
		ADDED from AndroidManifest.xml:27:9
service#com.baidu.location.f
ADDED from AndroidManifest.xml:33:9
	android:process
		ADDED from AndroidManifest.xml:33:77
	android:enabled
		ADDED from AndroidManifest.xml:33:54
	android:name
		ADDED from AndroidManifest.xml:33:18
meta-data#com.baidu.lbsapi.API_KEY
ADDED from AndroidManifest.xml:34:9
	android:name
		ADDED from AndroidManifest.xml:34:20
	android:value
		ADDED from AndroidManifest.xml:34:60
service#com.mifashow.Service
ADDED from AndroidManifest.xml:36:9
	android:enabled
		ADDED from AndroidManifest.xml:36:54
	android:name
		ADDED from AndroidManifest.xml:36:18
receiver#com.mifashow.BootReceiver
ADDED from AndroidManifest.xml:37:9
	android:name
		ADDED from AndroidManifest.xml:37:19
intent-filter#android.intent.action.BOOT_COMPLETED
ADDED from AndroidManifest.xml:38:13
action#android.intent.action.BOOT_COMPLETED
ADDED from AndroidManifest.xml:39:17
	android:name
		ADDED from AndroidManifest.xml:39:25
activity#com.mifashow.WelcomeActivity
ADDED from AndroidManifest.xml:42:9
	android:label
		ADDED from AndroidManifest.xml:44:13
	android:name
		ADDED from AndroidManifest.xml:43:13
activity#com.mifashow.RegisterActivity
ADDED from AndroidManifest.xml:46:9
	android:windowSoftInputMode
		ADDED from AndroidManifest.xml:51:13
	android:screenOrientation
		ADDED from AndroidManifest.xml:50:13
	android:label
		ADDED from AndroidManifest.xml:48:13
	android:parentActivityName
		ADDED from AndroidManifest.xml:49:13
	android:name
		ADDED from AndroidManifest.xml:47:13
meta-data#android.support.PARENT_ACTIVITY
ADDED from AndroidManifest.xml:52:13
	android:name
		ADDED from AndroidManifest.xml:53:17
	android:value
		ADDED from AndroidManifest.xml:54:17
activity#com.mifashow.LoginActivity
ADDED from AndroidManifest.xml:56:9
	android:windowSoftInputMode
		ADDED from AndroidManifest.xml:61:13
	android:screenOrientation
		ADDED from AndroidManifest.xml:60:13
	android:label
		ADDED from AndroidManifest.xml:58:13
	android:parentActivityName
		ADDED from AndroidManifest.xml:59:13
	android:name
		ADDED from AndroidManifest.xml:57:13
activity#com.mifashow.MainActivity
ADDED from AndroidManifest.xml:66:9
	android:windowSoftInputMode
		ADDED from AndroidManifest.xml:70:13
	android:screenOrientation
		ADDED from AndroidManifest.xml:69:13
	android:label
		ADDED from AndroidManifest.xml:68:13
	android:name
		ADDED from AndroidManifest.xml:67:13
intent-filter#android.intent.action.MAIN+android.intent.category.LAUNCHER
ADDED from AndroidManifest.xml:71:13
action#android.intent.action.MAIN
ADDED from AndroidManifest.xml:72:17
	android:name
		ADDED from AndroidManifest.xml:72:25
category#android.intent.category.LAUNCHER
ADDED from AndroidManifest.xml:73:17
	android:name
		ADDED from AndroidManifest.xml:73:27
activity#com.mifashow.AboutActivity
ADDED from AndroidManifest.xml:76:9
	android:windowSoftInputMode
		ADDED from AndroidManifest.xml:80:13
	android:label
		ADDED from AndroidManifest.xml:78:13
	android:parentActivityName
		ADDED from AndroidManifest.xml:79:13
	android:name
		ADDED from AndroidManifest.xml:77:13
activity#com.mifashow.PosterActivity
ADDED from AndroidManifest.xml:85:9
	android:windowSoftInputMode
		ADDED from AndroidManifest.xml:89:13
	android:label
		ADDED from AndroidManifest.xml:87:13
	android:parentActivityName
		ADDED from AndroidManifest.xml:88:13
	android:name
		ADDED from AndroidManifest.xml:86:13
activity#com.mifashow.ShowActivity
ADDED from AndroidManifest.xml:96:9
	android:windowSoftInputMode
		ADDED from AndroidManifest.xml:100:13
	android:label
		ADDED from AndroidManifest.xml:98:13
	android:parentActivityName
		ADDED from AndroidManifest.xml:99:13
	android:name
		ADDED from AndroidManifest.xml:97:13
activity#com.mifashow.SalonActivity
ADDED from AndroidManifest.xml:105:9
	android:windowSoftInputMode
		ADDED from AndroidManifest.xml:109:13
	android:label
		ADDED from AndroidManifest.xml:107:13
	android:parentActivityName
		ADDED from AndroidManifest.xml:108:13
	android:name
		ADDED from AndroidManifest.xml:106:13
activity#com.mifashow.ViewerActivity
ADDED from AndroidManifest.xml:114:9
	android:windowSoftInputMode
		ADDED from AndroidManifest.xml:119:13
	android:screenOrientation
		ADDED from AndroidManifest.xml:118:13
	android:label
		ADDED from AndroidManifest.xml:116:13
	android:parentActivityName
		ADDED from AndroidManifest.xml:117:13
	android:name
		ADDED from AndroidManifest.xml:115:13
activity#com.mifashow.BookingsetActivity
ADDED from AndroidManifest.xml:124:9
	android:windowSoftInputMode
		ADDED from AndroidManifest.xml:129:13
	android:screenOrientation
		ADDED from AndroidManifest.xml:128:13
	android:label
		ADDED from AndroidManifest.xml:126:13
	android:parentActivityName
		ADDED from AndroidManifest.xml:127:13
	android:name
		ADDED from AndroidManifest.xml:125:13
activity#com.mifashow.ChatActivity
ADDED from AndroidManifest.xml:134:9
	android:windowSoftInputMode
		ADDED from AndroidManifest.xml:138:13
	android:screenOrientation
		ADDED from AndroidManifest.xml:137:13
	android:parentActivityName
		ADDED from AndroidManifest.xml:136:13
	android:name
		ADDED from AndroidManifest.xml:135:13
activity#com.mifashow.ProfileEditorActivity
ADDED from AndroidManifest.xml:143:9
	android:label
		ADDED from AndroidManifest.xml:145:13
	android:parentActivityName
		ADDED from AndroidManifest.xml:146:13
	android:name
		ADDED from AndroidManifest.xml:144:13
activity#com.mifashow.PasswordActivity
ADDED from AndroidManifest.xml:151:9
	android:label
		ADDED from AndroidManifest.xml:153:13
	android:parentActivityName
		ADDED from AndroidManifest.xml:154:13
	android:name
		ADDED from AndroidManifest.xml:152:13
activity#com.mifashow.BookingActivity
ADDED from AndroidManifest.xml:159:9
	android:parentActivityName
		ADDED from AndroidManifest.xml:161:13
	android:name
		ADDED from AndroidManifest.xml:160:13
activity#com.mifashow.CommentActivity
ADDED from AndroidManifest.xml:166:9
	android:screenOrientation
		ADDED from AndroidManifest.xml:169:13
	android:label
		ADDED from AndroidManifest.xml:168:13
	android:parentActivityName
		ADDED from AndroidManifest.xml:170:13
	android:name
		ADDED from AndroidManifest.xml:167:13
activity#com.mifashow.ExplainActivity
ADDED from AndroidManifest.xml:175:9
	android:screenOrientation
		ADDED from AndroidManifest.xml:178:13
	android:label
		ADDED from AndroidManifest.xml:177:13
	android:parentActivityName
		ADDED from AndroidManifest.xml:179:13
	android:name
		ADDED from AndroidManifest.xml:176:13
activity#com.mifashow.MapActivity
ADDED from AndroidManifest.xml:184:9
	android:screenOrientation
		ADDED from AndroidManifest.xml:185:11
	android:configChanges
		ADDED from AndroidManifest.xml:186:11
	android:name
		ADDED from AndroidManifest.xml:184:19